This is pdfTeX, Version 3.1415926-2.4-1.40.13 (TeX Live 2012) (format=latex 2012.8.14)  4 MAR 2014 10:18
entering extended mode
 restricted \write18 enabled.
 %&-line parsing enabled.
**GZ_HubbleSequence.tex
(./GZ_HubbleSequence.tex
LaTeX2e <2011/06/27>
Babel <v3.8m> and hyphenation patterns for english, dumylang, nohyphenation, ge
rman-x-2012-05-30, ngerman-x-2012-05-30, afrikaans, ancientgreek, ibycus, arabi
c, armenian, basque, bulgarian, catalan, pinyin, coptic, croatian, czech, danis
h, dutch, ukenglish, usenglishmax, esperanto, estonian, ethiopic, farsi, finnis
h, french, friulan, galician, german, ngerman, swissgerman, monogreek, greek, h
ungarian, icelandic, assamese, bengali, gujarati, hindi, kannada, malayalam, ma
rathi, oriya, panjabi, tamil, telugu, indonesian, interlingua, irish, italian, 
kurmanji, latin, latvian, lithuanian, mongolian, mongolianlmc, bokmal, nynorsk,
 polish, portuguese, romanian, romansh, russian, sanskrit, serbian, serbianc, s
lovak, slovenian, spanish, swedish, turkish, turkmen, ukrainian, uppersorbian, 
welsh, loaded.
(./mn2e.cls
Document Class: mn2e 2001/02/06 v2.2 LaTeX2e MN document class
Document Style `MN' v2.2, released 2001 February 20
\math@groups=\toks14
LaTeX Font Info:    Overwriting symbol font `symbols' in version `bold'
(Font)                  OMS/cmsy/b/n --> OMS/cmsy/b/n on input line 223.
\symbmisymbols=\mathgroup4
\SFB@measure=\dimen102
\realparindent=\skip41
\c@part=\count79
\c@section=\count80
\c@subsection=\count81
\c@subsubsection=\count82
\c@paragraph=\count83
\c@subparagraph=\count84
\@indentskip=\skip42
\smallindent=\skip43
\@footindent=\skip44
\@leftskip=\skip45
\c@dummy=\count85
(/usr/local/texlive/2012/texmf-dist/tex/latex/natbib/natbib.sty
Package: natbib 2010/09/13 8.31b (PWD, AO)
\bibhang=\skip46
\bibsep=\skip47
LaTeX Info: Redefining \cite on input line 694.
\c@NAT@ctr=\count86
)
\c@table=\count87
\c@figure=\count88
\mathindent=\dimen103
)
(/usr/local/texlive/2012/texmf-dist/tex/latex/graphics/epsfig.sty
Package: epsfig 1999/02/16 v1.7a (e)psfig emulation (SPQR)

(/usr/local/texlive/2012/texmf-dist/tex/latex/graphics/graphicx.sty
Package: graphicx 1999/02/16 v1.0f Enhanced LaTeX Graphics (DPC,SPQR)

(/usr/local/texlive/2012/texmf-dist/tex/latex/graphics/keyval.sty
Package: keyval 1999/03/16 v1.13 key=value parser (DPC)
\KV@toks@=\toks15
)
(/usr/local/texlive/2012/texmf-dist/tex/latex/graphics/graphics.sty
Package: graphics 2009/02/05 v1.0o Standard LaTeX Graphics (DPC,SPQR)

(/usr/local/texlive/2012/texmf-dist/tex/latex/graphics/trig.sty
Package: trig 1999/03/16 v1.09 sin cos tan (DPC)
)
(/usr/local/texlive/2012/texmf-dist/tex/latex/latexconfig/graphics.cfg
File: graphics.cfg 2010/04/23 v1.9 graphics configuration of TeX Live
)
Package graphics Info: Driver file: dvips.def on input line 91.

(/usr/local/texlive/2012/texmf-dist/tex/latex/graphics/dvips.def
File: dvips.def 1999/02/16 v3.0i Driver-dependant file (DPC,SPQR)
))
\Gin@req@height=\dimen104
\Gin@req@width=\dimen105
)
\epsfxsize=\dimen106
\epsfysize=\dimen107
)
(./GZ_HubbleSequence.aux)
\openout1 = `GZ_HubbleSequence.aux'.

LaTeX Font Info:    Checking defaults for OML/cmm/m/it on input line 49.
LaTeX Font Info:    ... okay on input line 49.
LaTeX Font Info:    Checking defaults for T1/cmr/m/n on input line 49.
LaTeX Font Info:    ... okay on input line 49.
LaTeX Font Info:    Checking defaults for OT1/cmr/m/n on input line 49.
LaTeX Font Info:    ... okay on input line 49.
LaTeX Font Info:    Checking defaults for OMS/cmsy/m/n on input line 49.
LaTeX Font Info:    ... okay on input line 49.
LaTeX Font Info:    Checking defaults for OMX/cmex/m/n on input line 49.
LaTeX Font Info:    ... okay on input line 49.
LaTeX Font Info:    Checking defaults for U/cmr/m/n on input line 49.
LaTeX Font Info:    ... okay on input line 49.
LaTeX Font Info:    External font `cmex10' loaded for size
(Font)              <14.4> on input line 85.
LaTeX Font Info:    External font `cmex10' loaded for size
(Font)              <7> on input line 85.

Overfull \hbox (25.753pt too wide) in paragraph at lines 85--85
[][]  
 []

LaTeX Font Info:    External font `cmex10' loaded for size
(Font)              <8> on input line 85.
LaTeX Font Info:    External font `cmex10' loaded for size
(Font)              <6> on input line 85.
LaTeX Font Info:    External font `cmex10' loaded for size
(Font)              <5> on input line 85.

Overfull \hbox (22.79765pt too wide) in paragraph at lines 85--85
[][]  
 []


Underfull \hbox (badness 10000) in paragraph at lines 89--90

 []

LaTeX Font Info:    External font `cmex10' loaded for size
(Font)              <9> on input line 100.

LaTeX Warning: Reference `sequence' on page 1 undefined on input line 102.

File: TuningFork.ps Graphic file (type eps)
<TuningFork.ps>
Missing character: There is no Ð in font cmr8!
Missing character: There is no Ð in font cmr8!
Missing character: There is no Õ in font cmr8!
Missing character: There is no Ð in font cmr8!
Missing character: There is no Ð in font cmr8!
Missing character: There is no Õ in font cmr8!
LaTeX Font Info:    Try loading font information for OMS+cmr on input line 111.

 (/usr/local/texlive/2012/texmf-dist/tex/latex/base/omscmr.fd
File: omscmr.fd 1999/05/25 v2.5h Standard LaTeX font definitions
)
LaTeX Font Info:    Font shape `OMS/cmr/m/n' in size <8> not available
(Font)              Font shape `OMS/cmsy/m/n' tried instead on input line 111.

[1


]
File: ExampleSas.ps Graphic file (type eps)
 <ExampleSas.ps>
Missing character: There is no Ò in font cmr9!
Missing character: There is no Ó in font cmr9!

Underfull \hbox (badness 1917) in paragraph at lines 124--126
[]\OT1/cmr/m/n/9 Discuss pseudo-bulges ver-sus clas-si-cal bulges (e.g.
 []


LaTeX Warning: Reference `pitch' on page 2 undefined on input line 135.

File: PitchAngleDH13.ps Graphic file (type eps)
<PitchAngleDH13.ps>

LaTeX Warning: Reference `sample' on page 2 undefined on input line 149.

File: sample_features.ps Graphic file (type eps)
<sample_features.ps>

LaTeX Warning: Reference `examples' on page 2 undefined on input line 159.


LaTeX Warning: Reference `basic' on page 2 undefined on input line 159.

[2]
File: example1.ps Graphic file (type eps)
 <example1.ps>

LaTeX Warning: Reference `examples2' on page 3 undefined on input line 197.

File: examplespiral_bar.ps Graphic file (type eps)
<examplespiral_bar.ps> [3]

LaTeX Warning: Reference `bulgewinding' on page 4 undefined on input line 219.

File: bulgewinding.ps Graphic file (type eps)
<bulgewinding.ps>
Underfull \vbox (badness 10000) has occurred while \output is active []

 [4]

LaTeX Warning: Reference `bars' on page 5 undefined on input line 229.

File: bulgewinding_nobars.ps Graphic file (type eps)
<bulgewinding_nobars.ps>
File: bulgewinding_bars.ps Graphic file (type eps)
 <bulgewinding_bars.ps>

LaTeX Warning: Reference `bulgewinding' on page 5 undefined on input line 235.


LaTeX Warning: Reference `bulgewinding' on page 5 undefined on input line 235.


LaTeX Warning: Reference `windingexample' on page 5 undefined on input line 238
.


LaTeX Warning: Reference `bulgewinding' on page 5 undefined on input line 238.

File: examplebulgewinding2.ps Graphic file (type eps)
<examplebulgewinding2.ps>
Underfull \vbox (badness 7256) has occurred while \output is active []

File: T-typeW13.ps Graphic file (type eps)

<T-typeW13.ps>
Underfull \vbox (badness 1297) has occurred while \output is active []

 [5]
Underfull \hbox (badness 10000) in paragraph at lines 281--282
 \OT1/cmr/bx/n/9 AC-KNOWL-EDGE-MENTS. \OT1/cmr/m/n/9 This pub-li-ca-tion has
 []


Underfull \hbox (badness 6910) in paragraph at lines 281--282
\OT1/cmr/m/n/9 been made pos-si-ble by the par-tic-i-pa-tion of more
 []


Underfull \hbox (badness 2846) in paragraph at lines 281--282
\OT1/cmr/m/n/9 than 200,000 vol-un-teers in the Galaxy Zoo project.
 []


Underfull \hbox (badness 3646) in paragraph at lines 281--282
\OT1/cmr/m/n/9 Their con-tri-bu-tions are in-di-vid-u-ally ac-knowl-edged at
 []


Underfull \hbox (badness 2875) in paragraph at lines 281--282
\OT1/cmtt/m/n/9 http://www.galaxyzoo.org/volunteers\OT1/cmr/m/n/9 . Galaxy Zoo 
2
 []


Underfull \vbox (badness 10000) has occurred while \output is active []


Underfull \hbox (badness 5475) in paragraph at lines 283--284
\OT1/cmr/m/n/9 (www.galaxyzooforum.org/index.php?topic=280028.0) for
 []

[6] [7

] (./GZ_HubbleSequence.aux

Package natbib Warning: Citation(s) may have changed.
(natbib)                Rerun to get citations correct.

)

LaTeX Warning: There were undefined references.


LaTeX Warning: Label(s) may have changed. Rerun to get cross-references right.

 ) 
Here is how much of TeX's memory you used:
 1261 strings out of 493489
 14462 string characters out of 3141349
 76448 words of memory out of 3000000
 4589 multiletter control sequences out of 15000+200000
 13515 words of font info for 46 fonts, out of 3000000 for 9000
 957 hyphenation exceptions out of 8191
 32i,9n,34p,1516b,288s stack positions out of 5000i,500n,10000p,200000b,50000s

Output written on GZ_HubbleSequence.dvi (7 pages, 36612 bytes).
